{"/media/cdrom/development/techkraft/backend/scripts/seed.ts": {"path":"/media/cdrom/development/techkraft/backend/scripts/seed.ts","statementMap":{"0":{"start":{"line":1,"column":0},"end":{"line":1,"column":33}},"1":{"start":{"line":3,"column":0},"end":{"line":3,"column":54}},"2":{"start":{"line":4,"column":0},"end":{"line":4,"column":62}},"3":{"start":{"line":5,"column":0},"end":{"line":5,"column":46}},"4":{"start":{"line":6,"column":0},"end":{"line":6,"column":45}},"5":{"start":{"line":9,"column":20},"end":{"line":84,"column":null}},"6":{"start":{"line":9,"column":54},"end":{"line":84,"column":null}},"7":{"start":{"line":11,"column":4},"end":{"line":83,"column":5}},"8":{"start":{"line":13,"column":8},"end":{"line":13,"column":51}},"9":{"start":{"line":14,"column":8},"end":{"line":14,"column":47}},"10":{"start":{"line":17,"column":8},"end":{"line":17,"column":43}},"11":{"start":{"line":18,"column":8},"end":{"line":18,"column":34}},"12":{"start":{"line":21,"column":8},"end":{"line":21,"column":41}},"13":{"start":{"line":23,"column":41},"end":{"line":23,"column":43}},"14":{"start":{"line":25,"column":8},"end":{"line":44,"column":9}},"15":{"start":{"line":26,"column":26},"end":{"line":31,"column":14}},"16":{"start":{"line":33,"column":28},"end":{"line":37,"column":14}},"17":{"start":{"line":39,"column":12},"end":{"line":41,"column":13}},"18":{"start":{"line":40,"column":16},"end":{"line":40,"column":null}},"19":{"start":{"line":43,"column":12},"end":{"line":43,"column":52}},"20":{"start":{"line":47,"column":8},"end":{"line":47,"column":45}},"21":{"start":{"line":48,"column":8},"end":{"line":70,"column":9}},"22":{"start":{"line":49,"column":26},"end":{"line":51,"column":68}},"23":{"start":{"line":54,"column":28},"end":{"line":54,"column":93}},"24":{"start":{"line":56,"column":12},"end":{"line":69,"column":15}},"25":{"start":{"line":72,"column":8},"end":{"line":72,"column":null}},"26":{"start":{"line":74,"column":8},"end":{"line":74,"column":41}},"27":{"start":{"line":76,"column":8},"end":{"line":76,"column":39}},"28":{"start":{"line":77,"column":8},"end":{"line":77,"column":28}},"29":{"start":{"line":78,"column":8},"end":{"line":78,"column":20}},"30":{"start":{"line":80,"column":8},"end":{"line":82,"column":9}},"31":{"start":{"line":81,"column":12},"end":{"line":81,"column":29}},"32":{"start":{"line":9,"column":13},"end":{"line":9,"column":20}},"33":{"start":{"line":86,"column":0},"end":{"line":88,"column":1}},"34":{"start":{"line":87,"column":4},"end":{"line":87,"column":11}}},"fnMap":{"0":{"name":"(anonymous_8)","decl":{"start":{"line":9,"column":20},"end":{"line":9,"column":27}},"loc":{"start":{"line":9,"column":54},"end":{"line":84,"column":null}}},"1":{"name":"(anonymous_9)","decl":{"start":{"line":9,"column":54},"end":{"line":9,"column":null}},"loc":{"start":{"line":9,"column":50},"end":{"line":84,"column":1}}}},"branchMap":{"0":{"loc":{"start":{"line":9,"column":27},"end":{"line":9,"column":50}},"type":"default-arg","locations":[{"start":{"line":9,"column":46},"end":{"line":9,"column":50}}]},"1":{"loc":{"start":{"line":39,"column":12},"end":{"line":41,"column":13}},"type":"if","locations":[{"start":{"line":39,"column":12},"end":{"line":41,"column":13}},{"start":{},"end":{}}]},"2":{"loc":{"start":{"line":80,"column":8},"end":{"line":82,"column":9}},"type":"if","locations":[{"start":{"line":80,"column":8},"end":{"line":82,"column":9}},{"start":{},"end":{}}]},"3":{"loc":{"start":{"line":86,"column":0},"end":{"line":88,"column":1}},"type":"if","locations":[{"start":{"line":86,"column":0},"end":{"line":88,"column":1}},{"start":{},"end":{}}]}},"s":{"0":1,"1":1,"2":1,"3":1,"4":1,"5":1,"6":1,"7":1,"8":1,"9":1,"10":1,"11":1,"12":1,"13":1,"14":1,"15":1,"16":1,"17":1,"18":0,"19":1,"20":1,"21":1,"22":40,"23":40,"24":40,"25":1,"26":1,"27":0,"28":0,"29":0,"30":1,"31":0,"32":1,"33":1,"34":0},"f":{"0":1,"1":1},"b":{"0":[0],"1":[0,1],"2":[0,1],"3":[0,1]}}
,"/media/cdrom/development/techkraft/backend/src/app.ts": {"path":"/media/cdrom/development/techkraft/backend/src/app.ts","statementMap":{"0":{"start":{"line":1,"column":0},"end":{"line":1,"column":30}},"1":{"start":{"line":2,"column":0},"end":{"line":2,"column":64}},"2":{"start":{"line":3,"column":0},"end":{"line":3,"column":24}},"3":{"start":{"line":5,"column":12},"end":{"line":5,"column":21}},"4":{"start":{"line":17,"column":18},"end":{"line":20,"column":null}},"5":{"start":{"line":22,"column":0},"end":{"line":22,"column":24}},"6":{"start":{"line":23,"column":0},"end":{"line":23,"column":27}},"7":{"start":{"line":25,"column":0},"end":{"line":27,"column":3}},"8":{"start":{"line":26,"column":4},"end":{"line":26,"column":28}},"9":{"start":{"line":29,"column":0},"end":{"line":29,"column":null}},"10":{"start":{"line":31,"column":0},"end":{"line":31,"column":19}}},"fnMap":{"0":{"name":"(anonymous_1)","decl":{"start":{"line":25,"column":17},"end":{"line":25,"column":18}},"loc":{"start":{"line":25,"column":30},"end":{"line":27,"column":1}}}},"branchMap":{},"s":{"0":1,"1":1,"2":1,"3":1,"4":1,"5":1,"6":1,"7":1,"8":0,"9":1,"10":1},"f":{"0":0},"b":{}}
,"/media/cdrom/development/techkraft/backend/src/db/index.ts": {"path":"/media/cdrom/development/techkraft/backend/src/db/index.ts","statementMap":{"0":{"start":{"line":1,"column":0},"end":{"line":1,"column":26}},"1":{"start":{"line":2,"column":0},"end":{"line":2,"column":28}},"2":{"start":{"line":3,"column":0},"end":{"line":3,"column":41}},"3":{"start":{"line":5,"column":0},"end":{"line":7,"column":3}},"4":{"start":{"line":9,"column":23},"end":{"line":11,"column":1}},"5":{"start":{"line":10,"column":4},"end":{"line":10,"column":null}},"6":{"start":{"line":13,"column":0},"end":{"line":16,"column":1}},"7":{"start":{"line":14,"column":4},"end":{"line":14,"column":44}},"8":{"start":{"line":15,"column":4},"end":{"line":15,"column":20}},"9":{"start":{"line":18,"column":13},"end":{"line":20,"column":null}},"10":{"start":{"line":22,"column":25},"end":{"line":31,"column":null}},"11":{"start":{"line":22,"column":36},"end":{"line":31,"column":null}},"12":{"start":{"line":23,"column":4},"end":{"line":30,"column":5}},"13":{"start":{"line":24,"column":8},"end":{"line":24,"column":null}},"14":{"start":{"line":25,"column":8},"end":{"line":25,"column":null}},"15":{"start":{"line":27,"column":8},"end":{"line":27,"column":48}},"16":{"start":{"line":28,"column":8},"end":{"line":28,"column":28}},"17":{"start":{"line":29,"column":8},"end":{"line":29,"column":20}},"18":{"start":{"line":22,"column":13},"end":{"line":22,"column":25}}},"fnMap":{"0":{"name":"(anonymous_8)","decl":{"start":{"line":9,"column":23},"end":{"line":9,"column":26}},"loc":{"start":{"line":9,"column":28},"end":{"line":11,"column":1}}},"1":{"name":"(anonymous_9)","decl":{"start":{"line":22,"column":25},"end":{"line":22,"column":34}},"loc":{"start":{"line":22,"column":36},"end":{"line":31,"column":null}}},"2":{"name":"(anonymous_10)","decl":{"start":{"line":22,"column":36},"end":{"line":22,"column":null}},"loc":{"start":{"line":22,"column":36},"end":{"line":31,"column":1}}}},"branchMap":{"0":{"loc":{"start":{"line":10,"column":11},"end":{"line":10,"column":101}},"type":"cond-expr","locations":[{"start":{"line":10,"column":45},"end":{"line":10,"column":74}},{"start":{"line":10,"column":77},"end":{"line":10,"column":101}}]},"1":{"loc":{"start":{"line":13,"column":0},"end":{"line":16,"column":1}},"type":"if","locations":[{"start":{"line":13,"column":0},"end":{"line":16,"column":1}},{"start":{},"end":{}}]}},"s":{"0":2,"1":2,"2":2,"3":2,"4":2,"5":4,"6":2,"7":0,"8":0,"9":2,"10":2,"11":0,"12":0,"13":0,"14":0,"15":0,"16":0,"17":0,"18":2},"f":{"0":4,"1":0,"2":0},"b":{"0":[4,0],"1":[0,2]}}
,"/media/cdrom/development/techkraft/backend/src/middlewares/auth.middleware.ts": {"path":"/media/cdrom/development/techkraft/backend/src/middlewares/auth.middleware.ts","statementMap":{"0":{"start":{"line":2,"column":0},"end":{"line":2,"column":67}},"1":{"start":{"line":5,"column":25},"end":{"line":23,"column":null}},"2":{"start":{"line":5,"column":83},"end":{"line":23,"column":null}},"3":{"start":{"line":7,"column":18},"end":{"line":7,"column":50}},"4":{"start":{"line":9,"column":4},"end":{"line":14,"column":5}},"5":{"start":{"line":10,"column":8},"end":{"line":12,"column":null}},"6":{"start":{"line":13,"column":8},"end":{"line":13,"column":22}},"7":{"start":{"line":16,"column":18},"end":{"line":16,"column":46}},"8":{"start":{"line":18,"column":4},"end":{"line":20,"column":null}},"9":{"start":{"line":22,"column":4},"end":{"line":22,"column":11}},"10":{"start":{"line":5,"column":13},"end":{"line":5,"column":25}}},"fnMap":{"0":{"name":"(anonymous_7)","decl":{"start":{"line":5,"column":25},"end":{"line":5,"column":32}},"loc":{"start":{"line":5,"column":83},"end":{"line":23,"column":null}}},"1":{"name":"(anonymous_8)","decl":{"start":{"line":5,"column":83},"end":{"line":5,"column":null}},"loc":{"start":{"line":5,"column":83},"end":{"line":23,"column":1}}}},"branchMap":{"0":{"loc":{"start":{"line":9,"column":4},"end":{"line":14,"column":5}},"type":"if","locations":[{"start":{"line":9,"column":4},"end":{"line":14,"column":5}},{"start":{},"end":{}}]},"1":{"loc":{"start":{"line":19,"column":18},"end":{"line":19,"column":67}},"type":"cond-expr","locations":[{"start":{"line":19,"column":27},"end":{"line":19,"column":32}},{"start":{"line":19,"column":35},"end":{"line":19,"column":67}}]},"2":{"loc":{"start":{"line":19,"column":35},"end":{"line":19,"column":67}},"type":"binary-expr","locations":[{"start":{"line":19,"column":35},"end":{"line":19,"column":40}},{"start":{"line":19,"column":44},"end":{"line":19,"column":67}}]},"3":{"loc":{"start":{"line":19,"column":44},"end":{"line":19,"column":55}},"type":"cond-expr","locations":[{"start":{"line":19,"column":49},"end":{"line":19,"column":51}},{"start":{"line":19,"column":44},"end":{"line":19,"column":55}}]},"4":{"loc":{"start":{"line":19,"column":44},"end":{"line":19,"column":51}},"type":"binary-expr","locations":[{"start":{"line":19,"column":44},"end":{"line":19,"column":51}},{"start":{"line":19,"column":44},"end":{"line":19,"column":51}}]}},"s":{"0":2,"1":2,"2":23,"3":23,"4":23,"5":18,"6":18,"7":5,"8":5,"9":5,"10":2},"f":{"0":23,"1":23},"b":{"0":[18,5],"1":[1,4],"2":[4,4],"3":[0,4],"4":[4,4]}}
,"/media/cdrom/development/techkraft/backend/src/middlewares/validate.ts": {"path":"/media/cdrom/development/techkraft/backend/src/middlewares/validate.ts","statementMap":{"0":{"start":{"line":6,"column":29},"end":{"line":24,"column":1}},"1":{"start":{"line":7,"column":4},"end":{"line":23,"column":null}},"2":{"start":{"line":9,"column":23},"end":{"line":9,"column":50}},"3":{"start":{"line":11,"column":8},"end":{"line":16,"column":9}},"4":{"start":{"line":12,"column":12},"end":{"line":15,"column":15}},"5":{"start":{"line":19,"column":9},"end":{"line":19,"column":59}},"6":{"start":{"line":22,"column":8},"end":{"line":22,"column":15}},"7":{"start":{"line":6,"column":13},"end":{"line":6,"column":29}}},"fnMap":{"0":{"name":"(anonymous_0)","decl":{"start":{"line":6,"column":29},"end":{"line":6,"column":33}},"loc":{"start":{"line":6,"column":57},"end":{"line":24,"column":1}}},"1":{"name":"(anonymous_1)","decl":{"start":{"line":7,"column":11},"end":{"line":7,"column":12}},"loc":{"start":{"line":7,"column":63},"end":{"line":23,"column":5}}}},"branchMap":{"0":{"loc":{"start":{"line":11,"column":8},"end":{"line":16,"column":9}},"type":"if","locations":[{"start":{"line":11,"column":8},"end":{"line":16,"column":9}},{"start":{},"end":{}}]}},"s":{"0":2,"1":3,"2":16,"3":16,"4":2,"5":14,"6":14,"7":2},"f":{"0":3,"1":16},"b":{"0":[2,14]}}
,"/media/cdrom/development/techkraft/backend/src/modules/agents/agents.service.ts": {"path":"/media/cdrom/development/techkraft/backend/src/modules/agents/agents.service.ts","statementMap":{"0":{"start":{"line":1,"column":0},"end":{"line":1,"column":32}},"1":{"start":{"line":3,"column":31},"end":{"line":7,"column":null}},"2":{"start":{"line":3,"column":55},"end":{"line":7,"column":null}},"3":{"start":{"line":4,"column":14},"end":{"line":4,"column":53}},"4":{"start":{"line":5,"column":19},"end":{"line":5,"column":47}},"5":{"start":{"line":6,"column":4},"end":{"line":6,"column":26}},"6":{"start":{"line":3,"column":13},"end":{"line":3,"column":31}}},"fnMap":{"0":{"name":"(anonymous_7)","decl":{"start":{"line":3,"column":31},"end":{"line":3,"column":38}},"loc":{"start":{"line":3,"column":55},"end":{"line":7,"column":null}}},"1":{"name":"(anonymous_8)","decl":{"start":{"line":3,"column":55},"end":{"line":3,"column":null}},"loc":{"start":{"line":3,"column":55},"end":{"line":7,"column":1}}}},"branchMap":{},"s":{"0":2,"1":2,"2":2,"3":2,"4":2,"5":2,"6":2},"f":{"0":2,"1":2},"b":{}}
,"/media/cdrom/development/techkraft/backend/src/modules/listing/listing.controller.ts": {"path":"/media/cdrom/development/techkraft/backend/src/modules/listing/listing.controller.ts","statementMap":{"0":{"start":{"line":2,"column":0},"end":{"line":2,"column":52}},"1":{"start":{"line":6,"column":0},"end":{"line":6,"column":44}},"2":{"start":{"line":8,"column":27},"end":{"line":31,"column":null}},"3":{"start":{"line":11,"column":19},"end":{"line":31,"column":null}},"4":{"start":{"line":12,"column":4},"end":{"line":30,"column":5}},"5":{"start":{"line":13,"column":37},"end":{"line":13,"column":74}},"6":{"start":{"line":15,"column":8},"end":{"line":24,"column":11}},"7":{"start":{"line":26,"column":8},"end":{"line":26,"column":28}},"8":{"start":{"line":27,"column":8},"end":{"line":29,"column":11}},"9":{"start":{"line":8,"column":13},"end":{"line":8,"column":27}},"10":{"start":{"line":33,"column":36},"end":{"line":60,"column":null}},"11":{"start":{"line":36,"column":23},"end":{"line":60,"column":null}},"12":{"start":{"line":37,"column":4},"end":{"line":59,"column":5}},"13":{"start":{"line":38,"column":27},"end":{"line":38,"column":58}},"14":{"start":{"line":40,"column":24},"end":{"line":40,"column":98}},"15":{"start":{"line":43,"column":8},"end":{"line":48,"column":9}},"16":{"start":{"line":44,"column":12},"end":{"line":47,"column":15}},"17":{"start":{"line":50,"column":8},"end":{"line":53,"column":11}},"18":{"start":{"line":55,"column":8},"end":{"line":55,"column":28}},"19":{"start":{"line":56,"column":8},"end":{"line":58,"column":11}},"20":{"start":{"line":33,"column":13},"end":{"line":33,"column":36}},"21":{"start":{"line":62,"column":26},"end":{"line":79,"column":null}},"22":{"start":{"line":65,"column":19},"end":{"line":79,"column":null}},"23":{"start":{"line":66,"column":4},"end":{"line":78,"column":5}},"24":{"start":{"line":67,"column":24},"end":{"line":67,"column":57}},"25":{"start":{"line":69,"column":8},"end":{"line":72,"column":11}},"26":{"start":{"line":74,"column":8},"end":{"line":74,"column":28}},"27":{"start":{"line":75,"column":8},"end":{"line":77,"column":11}},"28":{"start":{"line":62,"column":13},"end":{"line":62,"column":26}},"29":{"start":{"line":81,"column":32},"end":{"line":98,"column":null}},"30":{"start":{"line":84,"column":19},"end":{"line":98,"column":null}},"31":{"start":{"line":85,"column":4},"end":{"line":97,"column":5}},"32":{"start":{"line":86,"column":30},"end":{"line":86,"column":69}},"33":{"start":{"line":87,"column":8},"end":{"line":90,"column":11}},"34":{"start":{"line":93,"column":8},"end":{"line":93,"column":28}},"35":{"start":{"line":94,"column":8},"end":{"line":96,"column":11}},"36":{"start":{"line":81,"column":13},"end":{"line":81,"column":32}}},"fnMap":{"0":{"name":"(anonymous_16)","decl":{"start":{"line":8,"column":27},"end":{"line":8,"column":null}},"loc":{"start":{"line":11,"column":19},"end":{"line":31,"column":null}}},"1":{"name":"(anonymous_17)","decl":{"start":{"line":11,"column":19},"end":{"line":11,"column":null}},"loc":{"start":{"line":11,"column":19},"end":{"line":31,"column":1}}},"2":{"name":"(anonymous_18)","decl":{"start":{"line":33,"column":36},"end":{"line":33,"column":null}},"loc":{"start":{"line":36,"column":23},"end":{"line":60,"column":null}}},"3":{"name":"(anonymous_19)","decl":{"start":{"line":36,"column":23},"end":{"line":36,"column":null}},"loc":{"start":{"line":36,"column":23},"end":{"line":60,"column":1}}},"4":{"name":"(anonymous_20)","decl":{"start":{"line":62,"column":26},"end":{"line":62,"column":null}},"loc":{"start":{"line":65,"column":19},"end":{"line":79,"column":null}}},"5":{"name":"(anonymous_21)","decl":{"start":{"line":65,"column":19},"end":{"line":65,"column":null}},"loc":{"start":{"line":65,"column":19},"end":{"line":79,"column":1}}},"6":{"name":"(anonymous_22)","decl":{"start":{"line":81,"column":32},"end":{"line":81,"column":null}},"loc":{"start":{"line":84,"column":19},"end":{"line":98,"column":null}}},"7":{"name":"(anonymous_23)","decl":{"start":{"line":84,"column":19},"end":{"line":84,"column":null}},"loc":{"start":{"line":84,"column":19},"end":{"line":98,"column":1}}}},"branchMap":{"0":{"loc":{"start":{"line":13,"column":16},"end":{"line":13,"column":25}},"type":"default-arg","locations":[{"start":{"line":13,"column":23},"end":{"line":13,"column":25}}]},"1":{"loc":{"start":{"line":40,"column":78},"end":{"line":40,"column":97}},"type":"cond-expr","locations":[{"start":{"line":40,"column":87},"end":{"line":40,"column":89}},{"start":{"line":40,"column":87},"end":{"line":40,"column":97}}]},"2":{"loc":{"start":{"line":40,"column":78},"end":{"line":40,"column":89}},"type":"binary-expr","locations":[{"start":{"line":40,"column":78},"end":{"line":40,"column":89}},{"start":{"line":40,"column":87},"end":{"line":40,"column":89}}]},"3":{"loc":{"start":{"line":40,"column":78},"end":{"line":40,"column":87}},"type":"cond-expr","locations":[{"start":{"line":40,"column":81},"end":{"line":40,"column":83}},{"start":{"line":40,"column":78},"end":{"line":40,"column":87}}]},"4":{"loc":{"start":{"line":40,"column":78},"end":{"line":40,"column":83}},"type":"binary-expr","locations":[{"start":{"line":40,"column":78},"end":{"line":40,"column":83}},{"start":{"line":40,"column":78},"end":{"line":40,"column":83}}]},"5":{"loc":{"start":{"line":43,"column":8},"end":{"line":48,"column":9}},"type":"if","locations":[{"start":{"line":43,"column":8},"end":{"line":48,"column":9}},{"start":{},"end":{}}]}},"s":{"0":2,"1":2,"2":2,"3":14,"4":14,"5":14,"6":13,"7":1,"8":1,"9":2,"10":2,"11":6,"12":6,"13":6,"14":6,"15":5,"16":1,"17":4,"18":1,"19":1,"20":2,"21":2,"22":2,"23":2,"24":2,"25":1,"26":1,"27":1,"28":2,"29":2,"30":2,"31":2,"32":2,"33":1,"34":1,"35":1,"36":2},"f":{"0":14,"1":14,"2":6,"3":6,"4":2,"5":2,"6":2,"7":2},"b":{"0":[0],"1":[0,6],"2":[6,6],"3":[0,6],"4":[6,6],"5":[1,4]}}
,"/media/cdrom/development/techkraft/backend/src/modules/listing/listing.route.ts": {"path":"/media/cdrom/development/techkraft/backend/src/modules/listing/listing.route.ts","statementMap":{"0":{"start":{"line":1,"column":0},"end":{"line":1,"column":29}},"1":{"start":{"line":2,"column":0},"end":{"line":2,"column":62}},"2":{"start":{"line":3,"column":0},"end":{"line":3,"column":59}},"3":{"start":{"line":4,"column":0},"end":{"line":4,"column":54}},"4":{"start":{"line":5,"column":0},"end":{"line":5,"column":58}},"5":{"start":{"line":7,"column":15},"end":{"line":7,"column":23}},"6":{"start":{"line":9,"column":0},"end":{"line":9,"column":null}},"7":{"start":{"line":10,"column":0},"end":{"line":10,"column":null}},"8":{"start":{"line":12,"column":0},"end":{"line":17,"column":null}},"9":{"start":{"line":20,"column":0},"end":{"line":24,"column":null}},"10":{"start":{"line":28,"column":13},"end":{"line":28,"column":36}}},"fnMap":{},"branchMap":{},"s":{"0":1,"1":1,"2":1,"3":1,"4":1,"5":1,"6":1,"7":1,"8":1,"9":1,"10":1},"f":{},"b":{}}
,"/media/cdrom/development/techkraft/backend/src/modules/listing/listing.schema.ts": {"path":"/media/cdrom/development/techkraft/backend/src/modules/listing/listing.schema.ts","statementMap":{"0":{"start":{"line":1,"column":0},"end":{"line":1,"column":24}},"1":{"start":{"line":3,"column":13},"end":{"line":22,"column":3}},"2":{"start":{"line":16,"column":4},"end":{"line":21,"column":5}},"3":{"start":{"line":17,"column":8},"end":{"line":20,"column":11}}},"fnMap":{"0":{"name":"(anonymous_0)","decl":{"start":{"line":14,"column":15},"end":{"line":14,"column":16}},"loc":{"start":{"line":14,"column":29},"end":{"line":22,"column":1}}}},"branchMap":{"0":{"loc":{"start":{"line":16,"column":4},"end":{"line":21,"column":5}},"type":"if","locations":[{"start":{"line":16,"column":4},"end":{"line":21,"column":5}},{"start":{},"end":{}}]},"1":{"loc":{"start":{"line":16,"column":8},"end":{"line":16,"column":75}},"type":"binary-expr","locations":[{"start":{"line":16,"column":8},"end":{"line":16,"column":22}},{"start":{"line":16,"column":26},"end":{"line":16,"column":40}},{"start":{"line":16,"column":44},"end":{"line":16,"column":75}}]}},"s":{"0":3,"1":3,"2":22,"3":2},"f":{"0":22},"b":{"0":[2,20],"1":[22,4,4]}}
,"/media/cdrom/development/techkraft/backend/src/modules/listing/listing.service.ts": {"path":"/media/cdrom/development/techkraft/backend/src/modules/listing/listing.service.ts","statementMap":{"0":{"start":{"line":1,"column":0},"end":{"line":1,"column":32}},"1":{"start":{"line":3,"column":0},"end":{"line":3,"column":47}},"2":{"start":{"line":7,"column":27},"end":{"line":54,"column":null}},"3":{"start":{"line":7,"column":114},"end":{"line":54,"column":null}},"4":{"start":{"line":12,"column":8},"end":{"line":12,"column":23}},"5":{"start":{"line":14,"column":25},"end":{"line":14,"column":33}},"6":{"start":{"line":16,"column":35},"end":{"line":16,"column":62}},"7":{"start":{"line":18,"column":19},"end":{"line":18,"column":21}},"8":{"start":{"line":19,"column":4},"end":{"line":21,"column":5}},"9":{"start":{"line":20,"column":8},"end":{"line":20,"column":56}},"10":{"start":{"line":23,"column":26},"end":{"line":25,"column":97}},"11":{"start":{"line":27,"column":12},"end":{"line":27,"column":65}},"12":{"start":{"line":29,"column":4},"end":{"line":37,"column":5}},"13":{"start":{"line":30,"column":8},"end":{"line":30,"column":35}},"14":{"start":{"line":31,"column":11},"end":{"line":37,"column":5}},"15":{"start":{"line":32,"column":8},"end":{"line":32,"column":36}},"16":{"start":{"line":33,"column":11},"end":{"line":37,"column":5}},"17":{"start":{"line":34,"column":8},"end":{"line":34,"column":41}},"18":{"start":{"line":35,"column":11},"end":{"line":37,"column":5}},"19":{"start":{"line":36,"column":8},"end":{"line":36,"column":40}},"20":{"start":{"line":39,"column":4},"end":{"line":39,"column":69}},"21":{"start":{"line":40,"column":23},"end":{"line":40,"column":49}},"22":{"start":{"line":42,"column":19},"end":{"line":42,"column":50}},"23":{"start":{"line":45,"column":21},"end":{"line":45,"column":66}},"24":{"start":{"line":47,"column":24},"end":{"line":47,"column":60}},"25":{"start":{"line":48,"column":18},"end":{"line":48,"column":51}},"26":{"start":{"line":50,"column":4},"end":{"line":53,"column":6}},"27":{"start":{"line":7,"column":13},"end":{"line":7,"column":27}},"28":{"start":{"line":56,"column":36},"end":{"line":77,"column":null}},"29":{"start":{"line":56,"column":102},"end":{"line":77,"column":null}},"30":{"start":{"line":58,"column":26},"end":{"line":60,"column":87}},"31":{"start":{"line":62,"column":12},"end":{"line":62,"column":53}},"32":{"start":{"line":64,"column":44},"end":{"line":64,"column":54}},"33":{"start":{"line":66,"column":4},"end":{"line":72,"column":5}},"34":{"start":{"line":67,"column":19},"end":{"line":67,"column":37}},"35":{"start":{"line":68,"column":8},"end":{"line":68,"column":30}},"36":{"start":{"line":69,"column":8},"end":{"line":69,"column":30}},"37":{"start":{"line":71,"column":8},"end":{"line":71,"column":32}},"38":{"start":{"line":74,"column":19},"end":{"line":74,"column":58}},"39":{"start":{"line":76,"column":4},"end":{"line":76,"column":37}},"40":{"start":{"line":56,"column":13},"end":{"line":56,"column":36}},"41":{"start":{"line":79,"column":19},"end":{"line":135,"column":1}},"42":{"start":{"line":88,"column":8},"end":{"line":88,"column":13}},"43":{"start":{"line":91,"column":33},"end":{"line":91,"column":35}},"44":{"start":{"line":92,"column":26},"end":{"line":92,"column":28}},"45":{"start":{"line":94,"column":12},"end":{"line":94,"column":13}},"46":{"start":{"line":96,"column":4},"end":{"line":99,"column":5}},"47":{"start":{"line":97,"column":8},"end":{"line":97,"column":53}},"48":{"start":{"line":98,"column":8},"end":{"line":98,"column":35}},"49":{"start":{"line":101,"column":4},"end":{"line":104,"column":5}},"50":{"start":{"line":102,"column":8},"end":{"line":102,"column":44}},"51":{"start":{"line":103,"column":8},"end":{"line":103,"column":28}},"52":{"start":{"line":106,"column":4},"end":{"line":109,"column":5}},"53":{"start":{"line":107,"column":8},"end":{"line":107,"column":44}},"54":{"start":{"line":108,"column":8},"end":{"line":108,"column":31}},"55":{"start":{"line":111,"column":4},"end":{"line":114,"column":5}},"56":{"start":{"line":112,"column":8},"end":{"line":112,"column":44}},"57":{"start":{"line":113,"column":8},"end":{"line":113,"column":31}},"58":{"start":{"line":116,"column":4},"end":{"line":119,"column":5}},"59":{"start":{"line":117,"column":8},"end":{"line":117,"column":42}},"60":{"start":{"line":118,"column":8},"end":{"line":118,"column":26}},"61":{"start":{"line":121,"column":4},"end":{"line":124,"column":5}},"62":{"start":{"line":122,"column":8},"end":{"line":122,"column":43}},"63":{"start":{"line":123,"column":8},"end":{"line":123,"column":27}},"64":{"start":{"line":126,"column":4},"end":{"line":129,"column":5}},"65":{"start":{"line":127,"column":8},"end":{"line":127,"column":51}},"66":{"start":{"line":128,"column":8},"end":{"line":128,"column":35}},"67":{"start":{"line":131,"column":4},"end":{"line":134,"column":6}},"68":{"start":{"line":139,"column":26},"end":{"line":142,"column":null}},"69":{"start":{"line":139,"column":56},"end":{"line":142,"column":null}},"70":{"start":{"line":140,"column":19},"end":{"line":140,"column":77}},"71":{"start":{"line":141,"column":4},"end":{"line":141,"column":68}},"72":{"start":{"line":141,"column":56},"end":{"line":141,"column":66}},"73":{"start":{"line":139,"column":13},"end":{"line":139,"column":26}},"74":{"start":{"line":144,"column":32},"end":{"line":147,"column":null}},"75":{"start":{"line":144,"column":62},"end":{"line":147,"column":null}},"76":{"start":{"line":145,"column":19},"end":{"line":145,"column":84}},"77":{"start":{"line":146,"column":4},"end":{"line":146,"column":82}},"78":{"start":{"line":146,"column":63},"end":{"line":146,"column":80}},"79":{"start":{"line":144,"column":13},"end":{"line":144,"column":32}}},"fnMap":{"0":{"name":"(anonymous_7)","decl":{"start":{"line":7,"column":27},"end":{"line":7,"column":34}},"loc":{"start":{"line":7,"column":114},"end":{"line":54,"column":null}}},"1":{"name":"(anonymous_8)","decl":{"start":{"line":7,"column":114},"end":{"line":7,"column":null}},"loc":{"start":{"line":7,"column":114},"end":{"line":54,"column":1}}},"2":{"name":"(anonymous_9)","decl":{"start":{"line":56,"column":36},"end":{"line":56,"column":43}},"loc":{"start":{"line":56,"column":102},"end":{"line":77,"column":null}}},"3":{"name":"(anonymous_10)","decl":{"start":{"line":56,"column":102},"end":{"line":56,"column":null}},"loc":{"start":{"line":56,"column":102},"end":{"line":77,"column":1}}},"4":{"name":"(anonymous_11)","decl":{"start":{"line":79,"column":19},"end":{"line":79,"column":20}},"loc":{"start":{"line":79,"column":43},"end":{"line":135,"column":1}}},"5":{"name":"(anonymous_12)","decl":{"start":{"line":139,"column":26},"end":{"line":139,"column":54}},"loc":{"start":{"line":139,"column":56},"end":{"line":142,"column":null}}},"6":{"name":"(anonymous_13)","decl":{"start":{"line":139,"column":56},"end":{"line":139,"column":null}},"loc":{"start":{"line":139,"column":56},"end":{"line":142,"column":1}}},"7":{"name":"(anonymous_14)","decl":{"start":{"line":141,"column":27},"end":{"line":141,"column":28}},"loc":{"start":{"line":141,"column":56},"end":{"line":141,"column":66}}},"8":{"name":"(anonymous_15)","decl":{"start":{"line":144,"column":32},"end":{"line":144,"column":60}},"loc":{"start":{"line":144,"column":62},"end":{"line":147,"column":null}}},"9":{"name":"(anonymous_16)","decl":{"start":{"line":144,"column":62},"end":{"line":144,"column":null}},"loc":{"start":{"line":144,"column":62},"end":{"line":147,"column":1}}},"10":{"name":"(anonymous_17)","decl":{"start":{"line":146,"column":27},"end":{"line":146,"column":28}},"loc":{"start":{"line":146,"column":63},"end":{"line":146,"column":80}}}},"branchMap":{"0":{"loc":{"start":{"line":19,"column":4},"end":{"line":21,"column":5}},"type":"if","locations":[{"start":{"line":19,"column":4},"end":{"line":21,"column":5}},{"start":{},"end":{}}]},"1":{"loc":{"start":{"line":23,"column":26},"end":{"line":25,"column":97}},"type":"cond-expr","locations":[{"start":{"line":24,"column":10},"end":{"line":24,"column":13}},{"start":{"line":25,"column":8},"end":{"line":25,"column":97}}]},"2":{"loc":{"start":{"line":29,"column":4},"end":{"line":37,"column":5}},"type":"if","locations":[{"start":{"line":29,"column":4},"end":{"line":37,"column":5}},{"start":{"line":31,"column":11},"end":{"line":37,"column":5}}]},"3":{"loc":{"start":{"line":31,"column":11},"end":{"line":37,"column":5}},"type":"if","locations":[{"start":{"line":31,"column":11},"end":{"line":37,"column":5}},{"start":{"line":33,"column":11},"end":{"line":37,"column":5}}]},"4":{"loc":{"start":{"line":33,"column":11},"end":{"line":37,"column":5}},"type":"if","locations":[{"start":{"line":33,"column":11},"end":{"line":37,"column":5}},{"start":{"line":35,"column":11},"end":{"line":37,"column":5}}]},"5":{"loc":{"start":{"line":35,"column":11},"end":{"line":37,"column":5}},"type":"if","locations":[{"start":{"line":35,"column":11},"end":{"line":37,"column":5}},{"start":{},"end":{}}]},"6":{"loc":{"start":{"line":58,"column":26},"end":{"line":60,"column":87}},"type":"cond-expr","locations":[{"start":{"line":59,"column":10},"end":{"line":59,"column":13}},{"start":{"line":60,"column":8},"end":{"line":60,"column":87}}]},"7":{"loc":{"start":{"line":66,"column":4},"end":{"line":72,"column":5}},"type":"if","locations":[{"start":{"line":66,"column":4},"end":{"line":72,"column":5}},{"start":{"line":70,"column":11},"end":{"line":72,"column":5}}]},"8":{"loc":{"start":{"line":96,"column":4},"end":{"line":99,"column":5}},"type":"if","locations":[{"start":{"line":96,"column":4},"end":{"line":99,"column":5}},{"start":{},"end":{}}]},"9":{"loc":{"start":{"line":101,"column":4},"end":{"line":104,"column":5}},"type":"if","locations":[{"start":{"line":101,"column":4},"end":{"line":104,"column":5}},{"start":{},"end":{}}]},"10":{"loc":{"start":{"line":106,"column":4},"end":{"line":109,"column":5}},"type":"if","locations":[{"start":{"line":106,"column":4},"end":{"line":109,"column":5}},{"start":{},"end":{}}]},"11":{"loc":{"start":{"line":111,"column":4},"end":{"line":114,"column":5}},"type":"if","locations":[{"start":{"line":111,"column":4},"end":{"line":114,"column":5}},{"start":{},"end":{}}]},"12":{"loc":{"start":{"line":116,"column":4},"end":{"line":119,"column":5}},"type":"if","locations":[{"start":{"line":116,"column":4},"end":{"line":119,"column":5}},{"start":{},"end":{}}]},"13":{"loc":{"start":{"line":121,"column":4},"end":{"line":124,"column":5}},"type":"if","locations":[{"start":{"line":121,"column":4},"end":{"line":124,"column":5}},{"start":{},"end":{}}]},"14":{"loc":{"start":{"line":126,"column":4},"end":{"line":129,"column":5}},"type":"if","locations":[{"start":{"line":126,"column":4},"end":{"line":129,"column":5}},{"start":{},"end":{}}]}},"s":{"0":3,"1":3,"2":3,"3":15,"4":15,"5":15,"6":15,"7":15,"8":15,"9":7,"10":15,"11":15,"12":15,"13":2,"14":13,"15":1,"16":12,"17":9,"18":3,"19":1,"20":15,"21":15,"22":15,"23":15,"24":15,"25":15,"26":15,"27":3,"28":3,"29":11,"30":11,"31":11,"32":11,"33":11,"34":5,"35":5,"36":5,"37":6,"38":11,"39":10,"40":3,"41":3,"42":15,"43":15,"44":15,"45":15,"46":15,"47":1,"48":1,"49":15,"50":1,"51":1,"52":15,"53":1,"54":1,"55":15,"56":1,"57":1,"58":15,"59":2,"60":2,"61":15,"62":1,"63":1,"64":15,"65":2,"66":2,"67":15,"68":3,"69":4,"70":4,"71":3,"72":41,"73":3,"74":3,"75":4,"76":4,"77":3,"78":11,"79":3},"f":{"0":15,"1":15,"2":11,"3":11,"4":15,"5":4,"6":4,"7":41,"8":4,"9":4,"10":11},"b":{"0":[7,8],"1":[2,13],"2":[2,13],"3":[1,12],"4":[9,3],"5":[1,2],"6":[2,9],"7":[5,6],"8":[1,14],"9":[1,14],"10":[1,14],"11":[1,14],"12":[2,13],"13":[1,14],"14":[2,13]}}
,"/media/cdrom/development/techkraft/backend/src/utils/common.ts": {"path":"/media/cdrom/development/techkraft/backend/src/utils/common.ts","statementMap":{"0":{"start":{"line":3,"column":23},"end":{"line":7,"column":1}},"1":{"start":{"line":4,"column":17},"end":{"line":4,"column":54}},"2":{"start":{"line":6,"column":4},"end":{"line":6,"column":21}},"3":{"start":{"line":3,"column":13},"end":{"line":3,"column":23}},"4":{"start":{"line":10,"column":25},"end":{"line":12,"column":1}},"5":{"start":{"line":11,"column":4},"end":{"line":11,"column":56}},"6":{"start":{"line":10,"column":13},"end":{"line":10,"column":25}}},"fnMap":{"0":{"name":"(anonymous_0)","decl":{"start":{"line":3,"column":23},"end":{"line":3,"column":24}},"loc":{"start":{"line":3,"column":40},"end":{"line":7,"column":1}}},"1":{"name":"(anonymous_1)","decl":{"start":{"line":10,"column":25},"end":{"line":10,"column":26}},"loc":{"start":{"line":10,"column":43},"end":{"line":12,"column":1}}}},"branchMap":{"0":{"loc":{"start":{"line":11,"column":11},"end":{"line":11,"column":55}},"type":"binary-expr","locations":[{"start":{"line":11,"column":11},"end":{"line":11,"column":30}},{"start":{"line":11,"column":34},"end":{"line":11,"column":55}}]}},"s":{"0":4,"1":45,"2":45,"3":4,"4":4,"5":18,"6":4},"f":{"0":45,"1":18},"b":{"0":[18,17]}}
,"/media/cdrom/development/techkraft/backend/src/utils/logger.ts": {"path":"/media/cdrom/development/techkraft/backend/src/utils/logger.ts","statementMap":{"0":{"start":{"line":1,"column":0},"end":{"line":1,"column":24}},"1":{"start":{"line":4,"column":13},"end":{"line":16,"column":3}}},"fnMap":{},"branchMap":{"0":{"loc":{"start":{"line":5,"column":9},"end":{"line":5,"column":65}},"type":"cond-expr","locations":[{"start":{"line":5,"column":49},"end":{"line":5,"column":55}},{"start":{"line":5,"column":58},"end":{"line":5,"column":65}}]}},"s":{"0":2,"1":2},"f":{},"b":{"0":[0,2]}}
,"/media/cdrom/development/techkraft/backend/test/integration/setup.ts": {"path":"/media/cdrom/development/techkraft/backend/test/integration/setup.ts","statementMap":{"0":{"start":{"line":1,"column":0},"end":{"line":1,"column":41}},"1":{"start":{"line":2,"column":0},"end":{"line":2,"column":48}},"2":{"start":{"line":3,"column":0},"end":{"line":3,"column":36}},"3":{"start":{"line":4,"column":0},"end":{"line":4,"column":42}},"4":{"start":{"line":6,"column":27},"end":{"line":16,"column":null}},"5":{"start":{"line":6,"column":38},"end":{"line":16,"column":null}},"6":{"start":{"line":7,"column":4},"end":{"line":15,"column":5}},"7":{"start":{"line":8,"column":8},"end":{"line":8,"column":84}},"8":{"start":{"line":9,"column":8},"end":{"line":9,"column":82}},"9":{"start":{"line":10,"column":8},"end":{"line":10,"column":52}},"10":{"start":{"line":12,"column":8},"end":{"line":12,"column":55}},"11":{"start":{"line":13,"column":8},"end":{"line":13,"column":28}},"12":{"start":{"line":14,"column":8},"end":{"line":14,"column":20}},"13":{"start":{"line":6,"column":13},"end":{"line":6,"column":27}},"14":{"start":{"line":18,"column":29},"end":{"line":21,"column":null}},"15":{"start":{"line":18,"column":40},"end":{"line":21,"column":null}},"16":{"start":{"line":19,"column":4},"end":{"line":19,"column":47}},"17":{"start":{"line":20,"column":4},"end":{"line":20,"column":43}},"18":{"start":{"line":18,"column":13},"end":{"line":18,"column":29}},"19":{"start":{"line":23,"column":30},"end":{"line":25,"column":null}},"20":{"start":{"line":23,"column":41},"end":{"line":25,"column":null}},"21":{"start":{"line":24,"column":4},"end":{"line":24,"column":22}},"22":{"start":{"line":23,"column":13},"end":{"line":23,"column":30}},"23":{"start":{"line":27,"column":30},"end":{"line":29,"column":null}},"24":{"start":{"line":27,"column":41},"end":{"line":29,"column":null}},"25":{"start":{"line":28,"column":4},"end":{"line":28,"column":21}},"26":{"start":{"line":27,"column":13},"end":{"line":27,"column":30}}},"fnMap":{"0":{"name":"(anonymous_7)","decl":{"start":{"line":6,"column":27},"end":{"line":6,"column":36}},"loc":{"start":{"line":6,"column":38},"end":{"line":16,"column":null}}},"1":{"name":"(anonymous_8)","decl":{"start":{"line":6,"column":38},"end":{"line":6,"column":null}},"loc":{"start":{"line":6,"column":38},"end":{"line":16,"column":1}}},"2":{"name":"(anonymous_9)","decl":{"start":{"line":18,"column":29},"end":{"line":18,"column":38}},"loc":{"start":{"line":18,"column":40},"end":{"line":21,"column":null}}},"3":{"name":"(anonymous_10)","decl":{"start":{"line":18,"column":40},"end":{"line":18,"column":null}},"loc":{"start":{"line":18,"column":40},"end":{"line":21,"column":1}}},"4":{"name":"(anonymous_11)","decl":{"start":{"line":23,"column":30},"end":{"line":23,"column":39}},"loc":{"start":{"line":23,"column":41},"end":{"line":25,"column":null}}},"5":{"name":"(anonymous_12)","decl":{"start":{"line":23,"column":41},"end":{"line":23,"column":null}},"loc":{"start":{"line":23,"column":41},"end":{"line":25,"column":1}}},"6":{"name":"(anonymous_13)","decl":{"start":{"line":27,"column":30},"end":{"line":27,"column":39}},"loc":{"start":{"line":27,"column":41},"end":{"line":29,"column":null}}},"7":{"name":"(anonymous_14)","decl":{"start":{"line":27,"column":41},"end":{"line":27,"column":null}},"loc":{"start":{"line":27,"column":41},"end":{"line":29,"column":1}}}},"branchMap":{},"s":{"0":1,"1":1,"2":1,"3":1,"4":1,"5":1,"6":1,"7":1,"8":1,"9":1,"10":0,"11":0,"12":0,"13":1,"14":1,"15":1,"16":1,"17":1,"18":1,"19":1,"20":1,"21":1,"22":1,"23":1,"24":1,"25":1,"26":1},"f":{"0":1,"1":1,"2":1,"3":1,"4":1,"5":1,"6":1,"7":1},"b":{}}
}
