TN:
SF:scripts/seed.ts
FN:9,(anonymous_8)
FN:9,(anonymous_9)
FNF:2
FNH:2
FNDA:1,(anonymous_8)
FNDA:1,(anonymous_9)
DA:1,1
DA:3,1
DA:4,1
DA:5,1
DA:6,1
DA:9,1
DA:11,1
DA:13,1
DA:14,1
DA:17,1
DA:18,1
DA:21,1
DA:23,1
DA:25,1
DA:26,1
DA:33,1
DA:39,1
DA:40,0
DA:43,1
DA:47,1
DA:48,1
DA:49,40
DA:54,40
DA:56,40
DA:72,1
DA:74,1
DA:76,0
DA:77,0
DA:78,0
DA:80,1
DA:81,0
DA:86,1
DA:87,0
LF:33
LH:27
BRDA:9,0,0,0
BRDA:39,1,0,0
BRDA:39,1,1,1
BRDA:80,2,0,0
BRDA:80,2,1,1
BRDA:86,3,0,0
BRDA:86,3,1,1
BRF:7
BRH:3
end_of_record
TN:
SF:src/app.ts
FN:25,(anonymous_1)
FNF:1
FNH:0
FNDA:0,(anonymous_1)
DA:1,1
DA:2,1
DA:3,1
DA:5,1
DA:17,1
DA:22,1
DA:23,1
DA:25,1
DA:26,0
DA:29,1
DA:31,1
LF:11
LH:10
BRF:0
BRH:0
end_of_record
TN:
SF:src/db/index.ts
FN:9,(anonymous_8)
FN:22,(anonymous_9)
FN:22,(anonymous_10)
FNF:3
FNH:1
FNDA:4,(anonymous_8)
FNDA:0,(anonymous_9)
FNDA:0,(anonymous_10)
DA:1,2
DA:2,2
DA:3,2
DA:5,2
DA:9,2
DA:10,4
DA:13,2
DA:14,0
DA:15,0
DA:18,2
DA:22,2
DA:23,0
DA:24,0
DA:25,0
DA:27,0
DA:28,0
DA:29,0
LF:17
LH:9
BRDA:10,0,0,4
BRDA:10,0,1,0
BRDA:13,1,0,0
BRDA:13,1,1,2
BRF:4
BRH:2
end_of_record
TN:
SF:src/middlewares/auth.middleware.ts
FN:5,(anonymous_7)
FN:5,(anonymous_8)
FNF:2
FNH:2
FNDA:23,(anonymous_7)
FNDA:23,(anonymous_8)
DA:2,2
DA:5,23
DA:7,23
DA:9,23
DA:10,18
DA:13,18
DA:16,5
DA:18,5
DA:22,5
LF:9
LH:9
BRDA:9,0,0,18
BRDA:9,0,1,5
BRDA:19,1,0,1
BRDA:19,1,1,4
BRDA:19,2,0,4
BRDA:19,2,1,4
BRDA:19,3,0,0
BRDA:19,3,1,4
BRDA:19,4,0,4
BRDA:19,4,1,4
BRF:10
BRH:9
end_of_record
TN:
SF:src/middlewares/validate.ts
FN:6,(anonymous_0)
FN:7,(anonymous_1)
FNF:2
FNH:2
FNDA:3,(anonymous_0)
FNDA:16,(anonymous_1)
DA:6,2
DA:7,3
DA:9,16
DA:11,16
DA:12,2
DA:19,14
DA:22,14
LF:7
LH:7
BRDA:11,0,0,2
BRDA:11,0,1,14
BRF:2
BRH:2
end_of_record
TN:
SF:src/modules/agents/agents.service.ts
FN:3,(anonymous_7)
FN:3,(anonymous_8)
FNF:2
FNH:2
FNDA:2,(anonymous_7)
FNDA:2,(anonymous_8)
DA:1,2
DA:3,2
DA:4,2
DA:5,2
DA:6,2
LF:5
LH:5
BRF:0
BRH:0
end_of_record
TN:
SF:src/modules/listing/listing.controller.ts
FN:8,(anonymous_16)
FN:11,(anonymous_17)
FN:33,(anonymous_18)
FN:36,(anonymous_19)
FN:62,(anonymous_20)
FN:65,(anonymous_21)
FN:81,(anonymous_22)
FN:84,(anonymous_23)
FNF:8
FNH:8
FNDA:14,(anonymous_16)
FNDA:14,(anonymous_17)
FNDA:6,(anonymous_18)
FNDA:6,(anonymous_19)
FNDA:2,(anonymous_20)
FNDA:2,(anonymous_21)
FNDA:2,(anonymous_22)
FNDA:2,(anonymous_23)
DA:2,2
DA:6,2
DA:8,2
DA:11,14
DA:12,14
DA:13,14
DA:15,13
DA:26,1
DA:27,1
DA:33,2
DA:36,6
DA:37,6
DA:38,6
DA:40,6
DA:43,5
DA:44,1
DA:50,4
DA:55,1
DA:56,1
DA:62,2
DA:65,2
DA:66,2
DA:67,2
DA:69,1
DA:74,1
DA:75,1
DA:81,2
DA:84,2
DA:85,2
DA:86,2
DA:87,1
DA:93,1
DA:94,1
LF:33
LH:33
BRDA:13,0,0,0
BRDA:40,1,0,0
BRDA:40,1,1,6
BRDA:40,2,0,6
BRDA:40,2,1,6
BRDA:40,3,0,0
BRDA:40,3,1,6
BRDA:40,4,0,6
BRDA:40,4,1,6
BRDA:43,5,0,1
BRDA:43,5,1,4
BRF:11
BRH:8
end_of_record
TN:
SF:src/modules/listing/listing.route.ts
FNF:0
FNH:0
DA:1,1
DA:2,1
DA:3,1
DA:4,1
DA:5,1
DA:7,1
DA:9,1
DA:10,1
DA:12,1
DA:20,1
DA:28,1
LF:11
LH:11
BRF:0
BRH:0
end_of_record
TN:
SF:src/modules/listing/listing.schema.ts
FN:14,(anonymous_0)
FNF:1
FNH:1
FNDA:22,(anonymous_0)
DA:1,3
DA:3,3
DA:16,22
DA:17,2
LF:4
LH:4
BRDA:16,0,0,2
BRDA:16,0,1,20
BRDA:16,1,0,22
BRDA:16,1,1,4
BRDA:16,1,2,4
BRF:5
BRH:5
end_of_record
TN:
SF:src/modules/listing/listing.service.ts
FN:7,(anonymous_7)
FN:7,(anonymous_8)
FN:56,(anonymous_9)
FN:56,(anonymous_10)
FN:79,(anonymous_11)
FN:139,(anonymous_12)
FN:139,(anonymous_13)
FN:141,(anonymous_14)
FN:144,(anonymous_15)
FN:144,(anonymous_16)
FN:146,(anonymous_17)
FNF:11
FNH:11
FNDA:15,(anonymous_7)
FNDA:15,(anonymous_8)
FNDA:11,(anonymous_9)
FNDA:11,(anonymous_10)
FNDA:15,(anonymous_11)
FNDA:4,(anonymous_12)
FNDA:4,(anonymous_13)
FNDA:41,(anonymous_14)
FNDA:4,(anonymous_15)
FNDA:4,(anonymous_16)
FNDA:11,(anonymous_17)
DA:1,3
DA:3,3
DA:7,15
DA:12,15
DA:14,15
DA:16,15
DA:18,15
DA:19,15
DA:20,7
DA:23,15
DA:27,15
DA:29,15
DA:30,2
DA:31,13
DA:32,1
DA:33,12
DA:34,9
DA:35,3
DA:36,1
DA:39,15
DA:40,15
DA:42,15
DA:45,15
DA:47,15
DA:48,15
DA:50,15
DA:56,11
DA:58,11
DA:62,11
DA:64,11
DA:66,11
DA:67,5
DA:68,5
DA:69,5
DA:71,6
DA:74,11
DA:76,10
DA:79,3
DA:88,15
DA:91,15
DA:92,15
DA:94,15
DA:96,15
DA:97,1
DA:98,1
DA:101,15
DA:102,1
DA:103,1
DA:106,15
DA:107,1
DA:108,1
DA:111,15
DA:112,1
DA:113,1
DA:116,15
DA:117,2
DA:118,2
DA:121,15
DA:122,1
DA:123,1
DA:126,15
DA:127,2
DA:128,2
DA:131,15
DA:139,4
DA:140,4
DA:141,41
DA:144,4
DA:145,4
DA:146,11
LF:70
LH:70
BRDA:19,0,0,7
BRDA:19,0,1,8
BRDA:23,1,0,2
BRDA:23,1,1,13
BRDA:29,2,0,2
BRDA:29,2,1,13
BRDA:31,3,0,1
BRDA:31,3,1,12
BRDA:33,4,0,9
BRDA:33,4,1,3
BRDA:35,5,0,1
BRDA:35,5,1,2
BRDA:58,6,0,2
BRDA:58,6,1,9
BRDA:66,7,0,5
BRDA:66,7,1,6
BRDA:96,8,0,1
BRDA:96,8,1,14
BRDA:101,9,0,1
BRDA:101,9,1,14
BRDA:106,10,0,1
BRDA:106,10,1,14
BRDA:111,11,0,1
BRDA:111,11,1,14
BRDA:116,12,0,2
BRDA:116,12,1,13
BRDA:121,13,0,1
BRDA:121,13,1,14
BRDA:126,14,0,2
BRDA:126,14,1,13
BRF:30
BRH:30
end_of_record
TN:
SF:src/utils/common.ts
FN:3,(anonymous_0)
FN:10,(anonymous_1)
FNF:2
FNH:2
FNDA:45,(anonymous_0)
FNDA:18,(anonymous_1)
DA:3,4
DA:4,45
DA:6,45
DA:10,4
DA:11,18
LF:5
LH:5
BRDA:11,0,0,18
BRDA:11,0,1,17
BRF:2
BRH:2
end_of_record
TN:
SF:src/utils/logger.ts
FNF:0
FNH:0
DA:1,2
DA:4,2
LF:2
LH:2
BRDA:5,0,0,0
BRDA:5,0,1,2
BRF:2
BRH:1
end_of_record
TN:
SF:test/integration/setup.ts
FN:6,(anonymous_7)
FN:6,(anonymous_8)
FN:18,(anonymous_9)
FN:18,(anonymous_10)
FN:23,(anonymous_11)
FN:23,(anonymous_12)
FN:27,(anonymous_13)
FN:27,(anonymous_14)
FNF:8
FNH:8
FNDA:1,(anonymous_7)
FNDA:1,(anonymous_8)
FNDA:1,(anonymous_9)
FNDA:1,(anonymous_10)
FNDA:1,(anonymous_11)
FNDA:1,(anonymous_12)
FNDA:1,(anonymous_13)
FNDA:1,(anonymous_14)
DA:1,1
DA:2,1
DA:3,1
DA:4,1
DA:6,1
DA:7,1
DA:8,1
DA:9,1
DA:10,1
DA:12,0
DA:13,0
DA:14,0
DA:18,1
DA:19,1
DA:20,1
DA:23,1
DA:24,1
DA:27,1
DA:28,1
LF:19
LH:16
BRF:0
BRH:0
end_of_record
